<?xml version="1.0" encoding="UTF-8"?>
<!-- Generated by org.testng.reporters.JUnitReportReporter -->
<testsuite skipped="0" hostname="QA-PC" name="dctb.upload.UploadDCTB" tests="2" failures="0" timestamp="30 Jul 2018 11:24:22 GMT" time="12.042" errors="0">
  <testcase name="addDctb" time="5.445" classname="dctb.upload.UploadDCTB"/>
  <testcase name="addDctb" time="6.597" classname="dctb.upload.UploadDCTB"/>
</testsuite> <!-- dctb.upload.UploadDCTB -->
