<?xml version="1.0" encoding="UTF-8"?>
<!-- Generated by org.testng.reporters.JUnitReportReporter -->
<testsuite skipped="2" hostname="QA-PC" name="bioApplication.RunBioEnroll" tests="3" failures="0" timestamp="26 Jun 2018 05:34:02 GMT" time="0.002" errors="1">
  <testcase name="loginBioEnroll" time="0.000" classname="bioApplication.RunBioEnroll">
    <skipped/>
  </testcase> <!-- loginBioEnroll -->
  <testcase name="selectMainTask" time="0.002" classname="bioApplication.RunBioEnroll">
    <error type="java.lang.ThreadDeath">
      <![CDATA[java.lang.ThreadDeathat java.lang.Thread.stop(Unknown Source)at org.sikuli.script.RunTime.abortScripting(RunTime.java:71)at org.sikuli.script.Region.wait(Region.java:2751)at org.sikuli.script.Region.find(Region.java:2329)at org.sikuli.script.Region.getLocationFromTarget(Region.java:3238)at org.sikuli.script.Region.click(Region.java:3736)at org.sikuli.script.Region.click(Region.java:3721)at bioApplication.TaskSelection.selectMainCategory(TaskSelection.java:25)at bioApplication.RunBioEnroll.selectMainTask(RunBioEnroll.java:54)at sun.reflect.NativeMethodAccessorImpl.invoke0(Native Method)at sun.reflect.NativeMethodAccessorImpl.invoke(Unknown Source)at sun.reflect.DelegatingMethodAccessorImpl.invoke(Unknown Source)at java.lang.reflect.Method.invoke(Unknown Source)at org.testng.internal.MethodInvocationHelper.invokeMethod(MethodInvocationHelper.java:124)at org.testng.internal.Invoker.invokeMethod(Invoker.java:571)at org.testng.internal.Invoker.invokeTestMethod(Invoker.java:707)at org.testng.internal.Invoker.invokeTestMethods(Invoker.java:979)at org.testng.internal.TestMethodWorker.invokeTestMethods(TestMethodWorker.java:125)at org.testng.internal.TestMethodWorker.run(TestMethodWorker.java:109)at org.testng.TestRunner.privateRun(TestRunner.java:648)at org.testng.TestRunner.run(TestRunner.java:505)at org.testng.SuiteRunner.runTest(SuiteRunner.java:455)at org.testng.SuiteRunner.runSequentially(SuiteRunner.java:450)at org.testng.SuiteRunner.privateRun(SuiteRunner.java:415)at org.testng.SuiteRunner.run(SuiteRunner.java:364)at org.testng.SuiteRunnerWorker.runSuite(SuiteRunnerWorker.java:52)at org.testng.SuiteRunnerWorker.run(SuiteRunnerWorker.java:84)at org.testng.TestNG.runSuitesSequentially(TestNG.java:1187)at org.testng.TestNG.runSuitesLocally(TestNG.java:1116)at org.testng.TestNG.runSuites(TestNG.java:1028)at org.testng.TestNG.run(TestNG.java:996)at bioApplication.MainApplication.main(MainApplication.java:16)]]>
    </error>
  </testcase> <!-- selectMainTask -->
  <testcase name="saveDraft" time="0.000" classname="bioApplication.RunBioEnroll">
    <skipped/>
  </testcase> <!-- saveDraft -->
</testsuite> <!-- bioApplication.RunBioEnroll -->
